C51 COMPILER V9.01   IIC                                                                   07/29/2022 11:55:18 PAGE 1   


C51 COMPILER V9.01, COMPILATION OF MODULE IIC
OBJECT MODULE PLACED IN iic.OBJ
COMPILER INVOKED BY: E:\Keil_v5\C51\BIN\C51.EXE iic.c BROWSE DEBUG OBJECTEXTEND

line level    source

   1          #include "iic.h"
   2          
   3          
   4          //延时10us
   5          void Delay10us()
   6          {
   7   1              unsigned char a,b;
   8   1              for(b=1;b>0;b--)
   9   1                      for(a=2;a>0;a--);
  10   1      
  11   1      }
  12          //起始信号：在SCL时信号产生一个下降沿
  13          //起始之后SDA和SCL都为0
  14          void I2cStart()
  15          {
  16   1              SDA=1;
  17   1              Delay10us();
  18   1              SCL=1;
  19   1              Delay10us();//建立时间是SDA保持时间>4.7us
  20   1              SDA=0;
  21   1              Delay10us();//保持时间是>4us
  22   1              SCL=0;                  
  23   1              Delay10us();            
  24   1      }
  25          //终止信号：在SCL时钟信号高电平期间SDA信号产生一个上升沿
  26          // 结束之后保持SDA和SCL都为1；表示总线空闲
  27          void I2cStop()
  28          {
  29   1              SDA=0;
  30   1              Delay10us();
  31   1              SCL=1;
  32   1              Delay10us();//建立时间大于4.7us
  33   1              SDA=1;
  34   1              Delay10us();            
  35   1      }
  36          
  37          //通过I2C发送一个字节。在SCL时钟信号高电平期间，保持发送信号SDA保持稳定
  38          //0或1。发送成功返回1，发送失败返回0
  39          //发送完一个字节SCL=0,SDA=1
  40          unsigned char I2c_SendByte(unsigned char dat)
  41          {
  42   1              unsigned char a=0,b=0;//最大255，一个机器周期为1us，最大延时255us。             
  43   1              for(a=0;a<8;a++)//要发送8位，从最高位开始
  44   1              {
  45   2                      SDA=dat>>7;      //起始信号之后SCL=0，所以可以直接改变SDA信号
  46   2                      dat=dat<<1;
  47   2                      Delay10us();
  48   2                      SCL=1;
  49   2                      Delay10us();//建立时间>4.7us
  50   2                      SCL=0;
  51   2                      Delay10us();//时间大于4us               
  52   2              }
  53   1                      SDA=1;
  54   1                      Delay10us();
  55   1                      SCL=1;
C51 COMPILER V9.01   IIC                                                                   07/29/2022 11:55:18 PAGE 2   

  56   1                      while(SDA)//等待应答，也就是等待从设备把SDA拉低
  57   1                      {
  58   2                              b++;
  59   2                              if(b>200)        //如果超过2000us没有应答发送失败，或者为非应答，表示接收结束
  60   2                              {
  61   3                                      SCL=0;
  62   3                                      Delay10us();
  63   3                                      return 0;
  64   3                              }
  65   2                      }
  66   1                      SCL=0;
  67   1                      Delay10us();
  68   1                      return 1;               
  69   1      }
  70          
  71          // 使用I2c读取一个字节
  72          //接收完一个字节SCL=0,SDA=1.
  73          
  74          unsigned char I2c_ReadByte()
  75          {
  76   1              unsigned char a=0,dat=0;
  77   1              SDA=1;                  //起始和发送一个字节之后SCL都是0
  78   1              Delay10us();
  79   1              for(a=0;a<8;a++)//接收8个字节
  80   1              {
  81   2                      SCL=1;
  82   2                      Delay10us();
  83   2                      dat<<=1;
  84   2                      dat|=SDA;
  85   2                      Delay10us();
  86   2                      SCL=0;
  87   2                      Delay10us();
  88   2              }
  89   1              return dat;             
  90   1      }


MODULE INFORMATION:   STATIC OVERLAYABLE
   CODE SIZE        =    142    ----
   CONSTANT SIZE    =   ----    ----
   XDATA SIZE       =   ----    ----
   PDATA SIZE       =   ----    ----
   DATA SIZE        =   ----    ----
   IDATA SIZE       =   ----    ----
   BIT SIZE         =   ----    ----
END OF MODULE INFORMATION.


C51 COMPILATION COMPLETE.  0 WARNING(S),  0 ERROR(S)
