C51 COMPILER V9.01   UART                                                                  07/29/2022 11:55:17 PAGE 1   


C51 COMPILER V9.01, COMPILATION OF MODULE UART
OBJECT MODULE PLACED IN uart.OBJ
COMPILER INVOKED BY: E:\Keil_v5\C51\BIN\C51.EXE uart.c BROWSE DEBUG OBJECTEXTEND

line level    source

   1          #include"uart.h"
   2          #include "reg52.h"
   3          
   4          
   5           char shuju[8]={'0','0','0','0','0','0','0','0'};
   6          
   7          
   8          
   9           void UsartInit()
  10          {
  11   1              SCON=0X50;                      //设置为工作方式1
  12   1              TMOD=0X20;                      //设置计数器工作方式2
  13   1              PCON=0X80;                      //波特率加倍
  14   1              TH1=0XFA;                               //计数器初始值设置，注意波特率是4800的
  15   1              TL1=0XFA;
  16   1              ES=1;                                           //打开接收中断
  17   1              EA=1;                                           //打开总中断
  18   1              TR1=1;                                  //打开计数器
  19   1      }
  20          
  21           
  22          
  23           
  24          /*发送一个 字符*/
  25          void send_byte(char dat){
  26   1      
  27   1          SBUF = dat;
  28   1          while(!TI);
  29   1          TI = 0;      
  30   1      }
  31          /*发送一个字符串*/
  32          void send_string(char *p){
  33   1      
  34   1          while(*p!= '\0'){
  35   2          
  36   2              send_byte(*p);
  37   2              p++;
  38   2      
  39   2          }
  40   1      }
  41          
  42          
  43          void uart_interrupt() interrupt 4
  44          {        
  45   1              static int i;
  46   1              char dat;
  47   1      
  48   1                      TR2=0;
  49   1      
  50   1              if(RI==1)
  51   1              {
  52   2              
  53   2              dat=SBUF;
  54   2              if(dat!='\n')
  55   2                      {
C51 COMPILER V9.01   UART                                                                  07/29/2022 11:55:17 PAGE 2   

  56   3                              shuju[i++]=dat; 
  57   3                      }       
  58   2              else{i=0;}
  59   2      
  60   2              RI=0;
  61   2              }
  62   1                      TR2=1;
  63   1      }


MODULE INFORMATION:   STATIC OVERLAYABLE
   CODE SIZE        =    107    ----
   CONSTANT SIZE    =   ----    ----
   XDATA SIZE       =   ----    ----
   PDATA SIZE       =   ----    ----
   DATA SIZE        =     10    ----
   IDATA SIZE       =   ----    ----
   BIT SIZE         =   ----    ----
END OF MODULE INFORMATION.


C51 COMPILATION COMPLETE.  0 WARNING(S),  0 ERROR(S)
